=======================================
          SYSTEM INFORMATION           
=======================================
Hostname		: ip-172-31-36-141
Loggin User		: ubuntu
Uptime 			: 15:12:01
kenel version 		: 6.8.0-1029-aws
OS Version 		: 24.04
Memory Uses 		: 107/914
Disk utilization	: 82%
IP Address 		: 172.31.36.141
=======================================
=======================================
          SYSTEM INFORMATION           
=======================================
Hostname		: ip-172-31-36-141
Loggin User		: ubuntu
Uptime 			: 15:12:47
kenel version 		: 6.8.0-1029-aws
OS Version 		: 24.04
Memory Uses 		: 107/914
Disk utilization	: 82%
IP Address 		: 172.31.36.141
=======================================
=======================================
          SYSTEM INFORMATION           
=======================================
=======================================
          SYSTEM INFORMATION           
=======================================
Hostname		: ip-172-31-36-141
Hostname		: ip-172-31-36-141
Loggin User		: ubuntu
Loggin User		: ubuntu
Uptime 			: 15:13:01
Uptime 			: 15:13:01
kenel version 		: 6.8.0-1029-aws
kenel version 		: 6.8.0-1029-aws
OS Version 		: 24.04
OS Version 		: 24.04
Memory Uses 		: 115/914
Memory Uses 		: 115/914
Disk utilization	: 82%
Disk utilization	: 82%
IP Address 		: 172.31.36.141
=======================================
IP Address 		: 172.31.36.141
=======================================
=======================================
          SYSTEM INFORMATION           
=======================================
Hostname		: ip-172-31-36-141
Loggin User		: ubuntu
Uptime 			: 15:13:40
kenel version 		: 6.8.0-1029-aws
OS Version 		: 24.04
Memory Uses 		: 125/914
Disk utilization	: 82%
IP Address 		: 172.31.36.141
=======================================
=======================================
          SYSTEM INFORMATION           
=======================================
=======================================
          SYSTEM INFORMATION           
=======================================
Hostname		: ip-172-31-36-141
Hostname		: ip-172-31-36-141
Loggin User		: ubuntu
Loggin User		: ubuntu
Uptime 			: 15:14:01
kenel version 		: 6.8.0-1029-aws
Uptime 			: 15:14:01
kenel version 		: 6.8.0-1029-aws
OS Version 		: 24.04
OS Version 		: 24.04
Memory Uses 		: 123/914
Memory Uses 		: 123/914
Disk utilization	: 82%
IP Address 		: 172.31.36.141
=======================================
Disk utilization	: 82%
IP Address 		: 172.31.36.141
=======================================
=======================================
          SYSTEM INFORMATION           
=======================================
=======================================
          SYSTEM INFORMATION           
=======================================
Hostname		: ip-172-31-36-141
Hostname		: ip-172-31-36-141
Loggin User		: ubuntu
Loggin User		: ubuntu
Uptime 			: 15:15:01
kenel version 		: 6.8.0-1029-aws
OS Version 		: 24.04
Uptime 			: 15:15:01
Memory Uses 		: 123/914
kenel version 		: 6.8.0-1029-aws
Disk utilization	: 82%
OS Version 		: 24.04
Memory Uses 		: 123/914
IP Address 		: 172.31.36.141
=======================================
Disk utilization	: 82%
IP Address 		: 172.31.36.141
=======================================
=======================================
          SYSTEM INFORMATION           
=======================================
Hostname		: ip-172-31-36-141
Loggin User		: ubuntu
Uptime 			: 15:15:07
kenel version 		: 6.8.0-1029-aws
OS Version 		: 24.04
Memory Uses 		: 123/914
Disk utilization	: 82%
IP Address 		: 172.31.36.141
=======================================
=======================================
          SYSTEM INFORMATION           
=======================================
Hostname		: ip-172-31-36-141
Loggin User		: ubuntu
=======================================
          SYSTEM INFORMATION           
=======================================
Uptime 			: 15:16:01
Hostname		: ip-172-31-36-141
kenel version 		: 6.8.0-1029-aws
Loggin User		: ubuntu
OS Version 		: 24.04
Uptime 			: 15:16:01
kenel version 		: 6.8.0-1029-aws
Memory Uses 		: 122/914
OS Version 		: 24.04
Disk utilization	: 82%
Memory Uses 		: 122/914
IP Address 		: 172.31.36.141
=======================================
Disk utilization	: 82%
IP Address 		: 172.31.36.141
=======================================
=======================================
          SYSTEM INFORMATION           
=======================================
Hostname		: ip-172-31-36-141
=======================================
          SYSTEM INFORMATION           
=======================================
Hostname		: ip-172-31-36-141
Loggin User		: ubuntu
Loggin User		: ubuntu
Uptime 			: 15:17:01
Uptime 			: 15:17:01
kenel version 		: 6.8.0-1029-aws
kenel version 		: 6.8.0-1029-aws
OS Version 		: 24.04
OS Version 		: 24.04
Memory Uses 		: 103/914
Memory Uses 		: 103/914
Disk utilization	: 82%
Disk utilization	: 82%
IP Address 		: 172.31.36.141
=======================================
IP Address 		: 172.31.36.141
=======================================
=======================================
          SYSTEM INFORMATION           
=======================================
=======================================
          SYSTEM INFORMATION           
=======================================
Hostname		: ip-172-31-36-141
Loggin User		: ubuntu
Hostname		: ip-172-31-36-141
Loggin User		: ubuntu
Uptime 			: 15:18:01
kenel version 		: 6.8.0-1029-aws
Uptime 			: 15:18:01
OS Version 		: 24.04
kenel version 		: 6.8.0-1029-aws
OS Version 		: 24.04
Memory Uses 		: 102/914
Memory Uses 		: 102/914
Disk utilization	: 82%
IP Address 		: 172.31.36.141
=======================================
Disk utilization	: 82%
IP Address 		: 172.31.36.141
=======================================
=======================================
          SYSTEM INFORMATION           
=======================================
=======================================
          SYSTEM INFORMATION           
=======================================
Hostname		: ip-172-31-36-141
Hostname		: ip-172-31-36-141
Loggin User		: ubuntu
Loggin User		: ubuntu
Uptime 			: 15:19:01
Uptime 			: 15:19:01
kenel version 		: 6.8.0-1029-aws
kenel version 		: 6.8.0-1029-aws
OS Version 		: 24.04
OS Version 		: 24.04
Memory Uses 		: 102/914
Memory Uses 		: 102/914
Disk utilization	: 82%
Disk utilization	: 82%
IP Address 		: 172.31.36.141
=======================================
IP Address 		: 172.31.36.141
=======================================
=======================================
          SYSTEM INFORMATION           
=======================================
Hostname		: ip-172-31-36-141
Loggin User		: ubuntu
=======================================
          SYSTEM INFORMATION           
=======================================
Hostname		: ip-172-31-36-141
Uptime 			: 15:20:01
Loggin User		: ubuntu
kenel version 		: 6.8.0-1029-aws
Uptime 			: 15:20:01
kenel version 		: 6.8.0-1029-aws
OS Version 		: 24.04
OS Version 		: 24.04
Memory Uses 		: 101/914
Memory Uses 		: 101/914
Disk utilization	: 82%
Disk utilization	: 82%
IP Address 		: 172.31.36.141
=======================================
IP Address 		: 172.31.36.141
=======================================
=======================================
          SYSTEM INFORMATION           
=======================================
Hostname		: ip-172-31-36-141
Loggin User		: ubuntu
=======================================
          SYSTEM INFORMATION           
=======================================
Hostname		: ip-172-31-36-141
Uptime 			: 15:21:01
kenel version 		: 6.8.0-1029-aws
Loggin User		: ubuntu
OS Version 		: 24.04
Uptime 			: 15:21:01
Memory Uses 		: 102/914
kenel version 		: 6.8.0-1029-aws
Disk utilization	: 82%
OS Version 		: 24.04
IP Address 		: 172.31.36.141
=======================================
Memory Uses 		: 102/914
Disk utilization	: 82%
IP Address 		: 172.31.36.141
=======================================
=======================================
          SYSTEM INFORMATION           
=======================================
=======================================
          SYSTEM INFORMATION           
=======================================
Hostname		: ip-172-31-36-141
Hostname		: ip-172-31-36-141
Loggin User		: ubuntu
Loggin User		: ubuntu
Uptime 			: 15:22:01
kenel version 		: 6.8.0-1029-aws
Uptime 			: 15:22:01
kenel version 		: 6.8.0-1029-aws
OS Version 		: 24.04
OS Version 		: 24.04
Memory Uses 		: 108/914
Memory Uses 		: 108/914
Disk utilization	: 82%
Disk utilization	: 82%
IP Address 		: 172.31.36.141
=======================================
IP Address 		: 172.31.36.141
=======================================
=======================================
          SYSTEM INFORMATION           
=======================================
Hostname		: ip-172-31-36-141
=======================================
          SYSTEM INFORMATION           
=======================================
Loggin User		: ubuntu
Hostname		: ip-172-31-36-141
Loggin User		: ubuntu
Uptime 			: 15:23:01
kenel version 		: 6.8.0-1029-aws
Uptime 			: 15:23:01
kenel version 		: 6.8.0-1029-aws
OS Version 		: 24.04
OS Version 		: 24.04
Memory Uses 		: 107/914
Disk utilization	: 82%
Memory Uses 		: 107/914
IP Address 		: 172.31.36.141
=======================================
Disk utilization	: 82%
IP Address 		: 172.31.36.141
=======================================
=======================================
          SYSTEM INFORMATION           
=======================================
Hostname		: ip-172-31-36-141
Loggin User		: ubuntu
=======================================
          SYSTEM INFORMATION           
=======================================
Hostname		: ip-172-31-36-141
Uptime 			: 15:24:01
kenel version 		: 6.8.0-1029-aws
Loggin User		: ubuntu
OS Version 		: 24.04
Uptime 			: 15:24:01
kenel version 		: 6.8.0-1029-aws
Memory Uses 		: 106/914
OS Version 		: 24.04
Memory Uses 		: 106/914
Disk utilization	: 82%
Disk utilization	: 82%
IP Address 		: 172.31.36.141
=======================================
IP Address 		: 172.31.36.141
=======================================
=======================================
          SYSTEM INFORMATION           
=======================================
Hostname		: ip-172-31-36-141
=======================================
          SYSTEM INFORMATION           
=======================================
Loggin User		: ubuntu
Hostname		: ip-172-31-36-141
Loggin User		: ubuntu
Uptime 			: 15:25:01
Uptime 			: 15:25:01
kenel version 		: 6.8.0-1029-aws
kenel version 		: 6.8.0-1029-aws
OS Version 		: 24.04
OS Version 		: 24.04
Memory Uses 		: 106/914
Memory Uses 		: 106/914
Disk utilization	: 82%
Disk utilization	: 82%
IP Address 		: 172.31.36.141
=======================================
IP Address 		: 172.31.36.141
=======================================
=======================================
          SYSTEM INFORMATION           
=======================================
Hostname		: ip-172-31-36-141
Loggin User		: ubuntu
=======================================
          SYSTEM INFORMATION           
=======================================
Hostname		: ip-172-31-36-141
Loggin User		: ubuntu
Uptime 			: 15:26:01
kenel version 		: 6.8.0-1029-aws
Uptime 			: 15:26:01
OS Version 		: 24.04
kenel version 		: 6.8.0-1029-aws
OS Version 		: 24.04
Memory Uses 		: 109/914
Disk utilization	: 82%
Memory Uses 		: 109/914
IP Address 		: 172.31.36.141
=======================================
Disk utilization	: 82%
IP Address 		: 172.31.36.141
=======================================
=======================================
          SYSTEM INFORMATION           
=======================================
Hostname		: ip-172-31-36-141
Loggin User		: ubuntu
Uptime 			: 15:27:01
=======================================
          SYSTEM INFORMATION           
=======================================
kenel version 		: 6.8.0-1029-aws
Hostname		: ip-172-31-36-141
Loggin User		: ubuntu
OS Version 		: 24.04
Uptime 			: 15:27:01
Memory Uses 		: 104/914
kenel version 		: 6.8.0-1029-aws
OS Version 		: 24.04
Disk utilization	: 82%
Memory Uses 		: 104/914
IP Address 		: 172.31.36.141
=======================================
Disk utilization	: 82%
IP Address 		: 172.31.36.141
=======================================
=======================================
          SYSTEM INFORMATION           
=======================================
=======================================
          SYSTEM INFORMATION           
=======================================
Hostname		: ip-172-31-36-141
Hostname		: ip-172-31-36-141
Loggin User		: ubuntu
Loggin User		: ubuntu
Uptime 			: 15:28:01
kenel version 		: 6.8.0-1029-aws
Uptime 			: 15:28:01
kenel version 		: 6.8.0-1029-aws
OS Version 		: 24.04
OS Version 		: 24.04
Memory Uses 		: 108/914
Memory Uses 		: 108/914
Disk utilization	: 82%
IP Address 		: 172.31.36.141
=======================================
Disk utilization	: 82%
IP Address 		: 172.31.36.141
=======================================
=======================================
          SYSTEM INFORMATION           
=======================================
Hostname		: ip-172-31-36-141
Loggin User		: ubuntu
Uptime 			: 15:29:01
=======================================
          SYSTEM INFORMATION           
=======================================
Hostname		: ip-172-31-36-141
kenel version 		: 6.8.0-1029-aws
Loggin User		: ubuntu
OS Version 		: 24.04
Memory Uses 		: 107/914
Uptime 			: 15:29:01
kenel version 		: 6.8.0-1029-aws
Disk utilization	: 82%
OS Version 		: 24.04
IP Address 		: 172.31.36.141
=======================================
Memory Uses 		: 106/914
Disk utilization	: 82%
IP Address 		: 172.31.36.141
=======================================
=======================================
          SYSTEM INFORMATION           
=======================================
Hostname		: ip-172-31-36-141
Loggin User		: ubuntu
=======================================
          SYSTEM INFORMATION           
=======================================
Hostname		: ip-172-31-36-141
Loggin User		: ubuntu
Uptime 			: 15:30:01
kenel version 		: 6.8.0-1029-aws
Uptime 			: 15:30:01
OS Version 		: 24.04
kenel version 		: 6.8.0-1029-aws
OS Version 		: 24.04
Memory Uses 		: 105/914
Disk utilization	: 82%
Memory Uses 		: 105/914
Disk utilization	: 82%
IP Address 		: 172.31.36.141
=======================================
IP Address 		: 172.31.36.141
=======================================
=======================================
          SYSTEM INFORMATION           
=======================================
Hostname		: ip-172-31-36-141
Loggin User		: ubuntu
=======================================
          SYSTEM INFORMATION           
=======================================
Hostname		: ip-172-31-36-141
Loggin User		: ubuntu
Uptime 			: 15:31:01
kenel version 		: 6.8.0-1029-aws
OS Version 		: 24.04
Uptime 			: 15:31:01
kenel version 		: 6.8.0-1029-aws
Memory Uses 		: 108/914
OS Version 		: 24.04
Disk utilization	: 82%
Memory Uses 		: 108/914
IP Address 		: 172.31.36.141
=======================================
Disk utilization	: 82%
IP Address 		: 172.31.36.141
=======================================
=======================================
          SYSTEM INFORMATION           
=======================================
Hostname		: ip-172-31-36-141
Loggin User		: ubuntu
=======================================
          SYSTEM INFORMATION           
=======================================
Hostname		: ip-172-31-36-141
Uptime 			: 15:32:01
kenel version 		: 6.8.0-1029-aws
Loggin User		: ubuntu
OS Version 		: 24.04
Uptime 			: 15:32:01
kenel version 		: 6.8.0-1029-aws
Memory Uses 		: 96/914
OS Version 		: 24.04
Disk utilization	: 82%
Memory Uses 		: 96/914
IP Address 		: 172.31.36.141
=======================================
Disk utilization	: 82%
IP Address 		: 172.31.36.141
=======================================
=======================================
          SYSTEM INFORMATION           
=======================================
Hostname		: ip-172-31-36-141
Loggin User		: ubuntu
Uptime 			: 15:33:01
=======================================
          SYSTEM INFORMATION           
=======================================
kenel version 		: 6.8.0-1029-aws
Hostname		: ip-172-31-36-141
Loggin User		: ubuntu
OS Version 		: 24.04
Uptime 			: 15:33:01
Memory Uses 		: 96/914
kenel version 		: 6.8.0-1029-aws
OS Version 		: 24.04
Disk utilization	: 82%
IP Address 		: 172.31.36.141
=======================================
Memory Uses 		: 100/914
Disk utilization	: 82%
IP Address 		: 172.31.36.141
=======================================
=======================================
          SYSTEM INFORMATION           
=======================================
Hostname		: ip-172-31-36-141
Loggin User		: ubuntu
=======================================
          SYSTEM INFORMATION           
=======================================
Hostname		: ip-172-31-36-141
Uptime 			: 15:34:01
Loggin User		: ubuntu
kenel version 		: 6.8.0-1029-aws
Uptime 			: 15:34:01
kenel version 		: 6.8.0-1029-aws
OS Version 		: 24.04
OS Version 		: 24.04
Memory Uses 		: 101/914
Memory Uses 		: 101/914
Disk utilization	: 82%
Disk utilization	: 82%
IP Address 		: 172.31.36.141
=======================================
IP Address 		: 172.31.36.141
=======================================
=======================================
          SYSTEM INFORMATION           
=======================================
Hostname		: ip-172-31-36-141
=======================================
          SYSTEM INFORMATION           
=======================================
Hostname		: ip-172-31-36-141
Loggin User		: ubuntu
Loggin User		: ubuntu
Uptime 			: 15:35:01
kenel version 		: 6.8.0-1029-aws
Uptime 			: 15:35:01
OS Version 		: 24.04
kenel version 		: 6.8.0-1029-aws
OS Version 		: 24.04
Memory Uses 		: 99/914
Disk utilization	: 82%
Memory Uses 		: 100/914
IP Address 		: 172.31.36.141
=======================================
Disk utilization	: 82%
IP Address 		: 172.31.36.141
=======================================
=======================================
          SYSTEM INFORMATION           
=======================================
Hostname		: ip-172-31-36-141
Loggin User		: ubuntu
Uptime 			: 15:36:01
=======================================
          SYSTEM INFORMATION           
=======================================
kenel version 		: 6.8.0-1029-aws
Hostname		: ip-172-31-36-141
Loggin User		: ubuntu
OS Version 		: 24.04
Uptime 			: 15:36:01
Memory Uses 		: 101/914
kenel version 		: 6.8.0-1029-aws
OS Version 		: 24.04
Disk utilization	: 82%
Memory Uses 		: 101/914
IP Address 		: 172.31.36.141
=======================================
Disk utilization	: 82%
IP Address 		: 172.31.36.141
=======================================
=======================================
          SYSTEM INFORMATION           
=======================================
=======================================
          SYSTEM INFORMATION           
=======================================
Hostname		: ip-172-31-36-141
Loggin User		: ubuntu
Hostname		: ip-172-31-36-141
Loggin User		: ubuntu
Uptime 			: 15:37:02
kenel version 		: 6.8.0-1029-aws
Uptime 			: 15:37:02
OS Version 		: 24.04
kenel version 		: 6.8.0-1029-aws
OS Version 		: 24.04
Memory Uses 		: 101/914
Memory Uses 		: 101/914
Disk utilization	: 82%
IP Address 		: 172.31.36.141
=======================================
Disk utilization	: 82%
IP Address 		: 172.31.36.141
=======================================
=======================================
          SYSTEM INFORMATION           
=======================================
Hostname		: ip-172-31-36-141
=======================================
          SYSTEM INFORMATION           
=======================================
Hostname		: ip-172-31-36-141
Loggin User		: ubuntu
Loggin User		: ubuntu
Uptime 			: 15:38:01
kenel version 		: 6.8.0-1029-aws
Uptime 			: 15:38:01
kenel version 		: 6.8.0-1029-aws
OS Version 		: 24.04
OS Version 		: 24.04
Memory Uses 		: 100/914
Memory Uses 		: 100/914
Disk utilization	: 82%
Disk utilization	: 82%
IP Address 		: 172.31.36.141
=======================================
IP Address 		: 172.31.36.141
=======================================
=======================================
          SYSTEM INFORMATION           
=======================================
Hostname		: ip-172-31-36-141
Loggin User		: ubuntu
=======================================
          SYSTEM INFORMATION           
=======================================
Hostname		: ip-172-31-36-141
Loggin User		: ubuntu
Uptime 			: 15:39:01
kenel version 		: 6.8.0-1029-aws
Uptime 			: 15:39:01
kenel version 		: 6.8.0-1029-aws
OS Version 		: 24.04
OS Version 		: 24.04
Memory Uses 		: 101/914
Memory Uses 		: 101/914
Disk utilization	: 82%
IP Address 		: 172.31.36.141
=======================================
Disk utilization	: 82%
IP Address 		: 172.31.36.141
=======================================
=======================================
          SYSTEM INFORMATION           
=======================================
Hostname		: ip-172-31-36-141
Loggin User		: ubuntu
Uptime 			: 15:40:01
=======================================
          SYSTEM INFORMATION           
=======================================
Hostname		: ip-172-31-36-141
kenel version 		: 6.8.0-1029-aws
Loggin User		: ubuntu
OS Version 		: 24.04
Uptime 			: 15:40:01
kenel version 		: 6.8.0-1029-aws
Memory Uses 		: 106/914
OS Version 		: 24.04
Disk utilization	: 82%
Memory Uses 		: 108/914
IP Address 		: 172.31.36.141
Disk utilization	: 82%
=======================================
IP Address 		: 172.31.36.141
=======================================
