=======================================
          SYSTEM INFORMATION           
=======================================
Hostname		: ip-172-31-36-141
Loggin User		: ubuntu
Uptime 			: 14:27:02
kenel version 		: 6.8.0-1029-aws
OS Version 		: 24.04
Memory Uses 		: 248/914
Disk utilization	: 83%
IP Address 		: 172.31.36.141
=======================================
=======================================
          SYSTEM INFORMATION           
=======================================
Hostname		: ip-172-31-36-141
Loggin User		: ubuntu
Uptime 			: 14:28:01
kenel version 		: 6.8.0-1029-aws
OS Version 		: 24.04
Memory Uses 		: 246/914
Disk utilization	: 83%
IP Address 		: 172.31.36.141
=======================================
=======================================
          SYSTEM INFORMATION           
=======================================
Hostname		: ip-172-31-36-141
Loggin User		: ubuntu
Uptime 			: 14:29:01
kenel version 		: 6.8.0-1029-aws
OS Version 		: 24.04
Memory Uses 		: 246/914
Disk utilization	: 83%
IP Address 		: 172.31.36.141
=======================================
=======================================
          SYSTEM INFORMATION           
=======================================
Hostname		: ip-172-31-36-141
Loggin User		: ubuntu
Uptime 			: 14:30:01
kenel version 		: 6.8.0-1029-aws
OS Version 		: 24.04
Memory Uses 		: 255/914
Disk utilization	: 83%
IP Address 		: 172.31.36.141
=======================================
=======================================
          SYSTEM INFORMATION           
=======================================
Hostname		: ip-172-31-36-141
Loggin User		: ubuntu
Uptime 			: 14:31:01
kenel version 		: 6.8.0-1029-aws
OS Version 		: 24.04
Memory Uses 		: 254/914
Disk utilization	: 83%
IP Address 		: 172.31.36.141
=======================================
=======================================
          SYSTEM INFORMATION           
=======================================
Hostname		: ip-172-31-36-141
Loggin User		: ubuntu
Uptime 			: 14:32:01
kenel version 		: 6.8.0-1029-aws
OS Version 		: 24.04
Memory Uses 		: 126/914
Disk utilization	: 83%
IP Address 		: 172.31.36.141
=======================================
=======================================
          SYSTEM INFORMATION           
=======================================
Hostname		: ip-172-31-36-141
Loggin User		: ubuntu
Uptime 			: 14:33:01
kenel version 		: 6.8.0-1029-aws
OS Version 		: 24.04
Memory Uses 		: 127/914
Disk utilization	: 83%
IP Address 		: 172.31.36.141
=======================================
=======================================
          SYSTEM INFORMATION           
=======================================
Hostname		: ip-172-31-36-141
Loggin User		: ubuntu
Uptime 			: 14:34:01
kenel version 		: 6.8.0-1029-aws
OS Version 		: 24.04
Memory Uses 		: 135/914
Disk utilization	: 83%
IP Address 		: 172.31.36.141
=======================================
=======================================
          SYSTEM INFORMATION           
=======================================
Hostname		: ip-172-31-36-141
Loggin User		: ubuntu
Uptime 			: 14:35:01
kenel version 		: 6.8.0-1029-aws
OS Version 		: 24.04
Memory Uses 		: 134/914
Disk utilization	: 83%
IP Address 		: 172.31.36.141
=======================================
=======================================
          SYSTEM INFORMATION           
=======================================
Hostname		: ip-172-31-36-141
Loggin User		: ubuntu
Uptime 			: 14:36:01
kenel version 		: 6.8.0-1029-aws
OS Version 		: 24.04
Memory Uses 		: 133/914
Disk utilization	: 83%
IP Address 		: 172.31.36.141
=======================================
=======================================
          SYSTEM INFORMATION           
=======================================
Hostname		: ip-172-31-36-141
Loggin User		: ubuntu
Uptime 			: 14:37:01
kenel version 		: 6.8.0-1029-aws
OS Version 		: 24.04
Memory Uses 		: 133/914
Disk utilization	: 83%
IP Address 		: 172.31.36.141
=======================================
=======================================
          SYSTEM INFORMATION           
=======================================
Hostname		: ip-172-31-36-141
Loggin User		: ubuntu
Uptime 			: 14:37:35
kenel version 		: 6.8.0-1029-aws
OS Version 		: 24.04
Memory Uses 		: 133/914
Disk utilization	: 83%
IP Address 		: 172.31.36.141
=======================================
=======================================
          SYSTEM INFORMATION           
=======================================
Hostname		: ip-172-31-36-141
Loggin User		: ubuntu
Uptime 			: 14:38:01
kenel version 		: 6.8.0-1029-aws
OS Version 		: 24.04
Memory Uses 		: 133/914
Disk utilization	: 83%
IP Address 		: 172.31.36.141
=======================================
=======================================
          SYSTEM INFORMATION           
=======================================
Hostname		: ip-172-31-36-141
Loggin User		: ubuntu
Uptime 			: 14:39:01
kenel version 		: 6.8.0-1029-aws
OS Version 		: 24.04
Memory Uses 		: 139/914
Disk utilization	: 83%
IP Address 		: 172.31.36.141
=======================================
=======================================
          SYSTEM INFORMATION           
=======================================
Hostname		: ip-172-31-36-141
Loggin User		: ubuntu
Uptime 			: 14:40:01
kenel version 		: 6.8.0-1029-aws
OS Version 		: 24.04
Memory Uses 		: 214/914
Disk utilization	: 83%
IP Address 		: 172.31.36.141
=======================================
=======================================
          SYSTEM INFORMATION           
=======================================
Hostname		: ip-172-31-36-141
Loggin User		: ubuntu
Uptime 			: 14:41:01
kenel version 		: 6.8.0-1029-aws
OS Version 		: 24.04
Memory Uses 		: 207/914
Disk utilization	: 83%
IP Address 		: 172.31.36.141
=======================================
=======================================
          SYSTEM INFORMATION           
=======================================
Hostname		: ip-172-31-36-141
Loggin User		: ubuntu
Uptime 			: 14:42:01
kenel version 		: 6.8.0-1029-aws
OS Version 		: 24.04
Memory Uses 		: 226/914
Disk utilization	: 83%
IP Address 		: 172.31.36.141
=======================================
=======================================
          SYSTEM INFORMATION           
=======================================
Hostname		: ip-172-31-36-141
Loggin User		: ubuntu
Uptime 			: 14:43:01
kenel version 		: 6.8.0-1029-aws
OS Version 		: 24.04
Memory Uses 		: 226/914
Disk utilization	: 83%
IP Address 		: 172.31.36.141
=======================================
=======================================
          SYSTEM INFORMATION           
=======================================
Hostname		: ip-172-31-36-141
Loggin User		: ubuntu
Uptime 			: 14:44:01
kenel version 		: 6.8.0-1029-aws
OS Version 		: 24.04
Memory Uses 		: 226/914
Disk utilization	: 83%
IP Address 		: 172.31.36.141
=======================================
=======================================
          SYSTEM INFORMATION           
=======================================
Hostname		: ip-172-31-36-141
Loggin User		: ubuntu
Uptime 			: 14:45:01
kenel version 		: 6.8.0-1029-aws
OS Version 		: 24.04
Memory Uses 		: 226/914
Disk utilization	: 83%
IP Address 		: 172.31.36.141
=======================================
=======================================
          SYSTEM INFORMATION           
=======================================
Hostname		: ip-172-31-36-141
Loggin User		: ubuntu
Uptime 			: 14:46:01
kenel version 		: 6.8.0-1029-aws
OS Version 		: 24.04
Memory Uses 		: 226/914
Disk utilization	: 83%
IP Address 		: 172.31.36.141
=======================================
=======================================
          SYSTEM INFORMATION           
=======================================
Hostname		: ip-172-31-36-141
Loggin User		: ubuntu
Uptime 			: 14:47:01
kenel version 		: 6.8.0-1029-aws
OS Version 		: 24.04
Memory Uses 		: 226/914
Disk utilization	: 83%
IP Address 		: 172.31.36.141
=======================================
=======================================
          SYSTEM INFORMATION           
=======================================
Hostname		: ip-172-31-36-141
Loggin User		: ubuntu
Uptime 			: 14:48:01
kenel version 		: 6.8.0-1029-aws
OS Version 		: 24.04
Memory Uses 		: 226/914
Disk utilization	: 83%
IP Address 		: 172.31.36.141
=======================================
=======================================
          SYSTEM INFORMATION           
=======================================
Hostname		: ip-172-31-36-141
Loggin User		: ubuntu
Uptime 			: 14:49:01
kenel version 		: 6.8.0-1029-aws
OS Version 		: 24.04
Memory Uses 		: 226/914
Disk utilization	: 83%
IP Address 		: 172.31.36.141
=======================================
=======================================
          SYSTEM INFORMATION           
=======================================
Hostname		: ip-172-31-36-141
Loggin User		: ubuntu
Uptime 			: 14:50:01
kenel version 		: 6.8.0-1029-aws
OS Version 		: 24.04
Memory Uses 		: 226/914
Disk utilization	: 83%
IP Address 		: 172.31.36.141
=======================================
=======================================
          SYSTEM INFORMATION           
=======================================
Hostname		: ip-172-31-36-141
Loggin User		: ubuntu
Uptime 			: 14:51:01
kenel version 		: 6.8.0-1029-aws
OS Version 		: 24.04
Memory Uses 		: 225/914
Disk utilization	: 83%
IP Address 		: 172.31.36.141
=======================================
=======================================
          SYSTEM INFORMATION           
=======================================
Hostname		: ip-172-31-36-141
Loggin User		: ubuntu
Uptime 			: 14:52:01
kenel version 		: 6.8.0-1029-aws
OS Version 		: 24.04
Memory Uses 		: 225/914
Disk utilization	: 83%
IP Address 		: 172.31.36.141
=======================================
=======================================
          SYSTEM INFORMATION           
=======================================
Hostname		: ip-172-31-36-141
Loggin User		: ubuntu
Uptime 			: 14:53:01
kenel version 		: 6.8.0-1029-aws
OS Version 		: 24.04
Memory Uses 		: 225/914
Disk utilization	: 83%
IP Address 		: 172.31.36.141
=======================================
=======================================
          SYSTEM INFORMATION           
=======================================
Hostname		: ip-172-31-36-141
Loggin User		: ubuntu
Uptime 			: 14:54:01
kenel version 		: 6.8.0-1029-aws
OS Version 		: 24.04
Memory Uses 		: 222/914
Disk utilization	: 83%
IP Address 		: 172.31.36.141
=======================================
=======================================
          SYSTEM INFORMATION           
=======================================
Hostname		: ip-172-31-36-141
Loggin User		: ubuntu
Uptime 			: 14:55:01
kenel version 		: 6.8.0-1029-aws
OS Version 		: 24.04
Memory Uses 		: 214/914
Disk utilization	: 83%
IP Address 		: 172.31.36.141
=======================================
=======================================
          SYSTEM INFORMATION           
=======================================
Hostname		: ip-172-31-36-141
Loggin User		: ubuntu
Uptime 			: 14:56:01
kenel version 		: 6.8.0-1029-aws
OS Version 		: 24.04
Memory Uses 		: 212/914
Disk utilization	: 83%
IP Address 		: 172.31.36.141
=======================================
=======================================
          SYSTEM INFORMATION           
=======================================
Hostname		: ip-172-31-36-141
Loggin User		: ubuntu
Uptime 			: 14:57:01
kenel version 		: 6.8.0-1029-aws
OS Version 		: 24.04
Memory Uses 		: 211/914
Disk utilization	: 83%
IP Address 		: 172.31.36.141
=======================================
=======================================
          SYSTEM INFORMATION           
=======================================
Hostname		: ip-172-31-36-141
Loggin User		: ubuntu
Uptime 			: 14:58:01
kenel version 		: 6.8.0-1029-aws
OS Version 		: 24.04
Memory Uses 		: 210/914
Disk utilization	: 83%
IP Address 		: 172.31.36.141
=======================================
=======================================
          SYSTEM INFORMATION           
=======================================
Hostname		: ip-172-31-36-141
Loggin User		: ubuntu
Uptime 			: 14:59:01
kenel version 		: 6.8.0-1029-aws
OS Version 		: 24.04
Memory Uses 		: 210/914
Disk utilization	: 83%
IP Address 		: 172.31.36.141
=======================================
=======================================
          SYSTEM INFORMATION           
=======================================
Hostname		: ip-172-31-36-141
Loggin User		: ubuntu
Uptime 			: 15:00:01
kenel version 		: 6.8.0-1029-aws
OS Version 		: 24.04
Memory Uses 		: 210/914
Disk utilization	: 83%
IP Address 		: 172.31.36.141
=======================================
=======================================
          SYSTEM INFORMATION           
=======================================
Hostname		: ip-172-31-36-141
Loggin User		: ubuntu
Uptime 			: 15:01:01
kenel version 		: 6.8.0-1029-aws
OS Version 		: 24.04
Memory Uses 		: 210/914
Disk utilization	: 83%
IP Address 		: 172.31.36.141
=======================================
=======================================
          SYSTEM INFORMATION           
=======================================
Hostname		: ip-172-31-36-141
Loggin User		: ubuntu
Uptime 			: 15:02:01
kenel version 		: 6.8.0-1029-aws
OS Version 		: 24.04
Memory Uses 		: 210/914
Disk utilization	: 83%
IP Address 		: 172.31.36.141
=======================================
=======================================
          SYSTEM INFORMATION           
=======================================
Hostname		: ip-172-31-36-141
Loggin User		: ubuntu
Uptime 			: 15:03:01
kenel version 		: 6.8.0-1029-aws
OS Version 		: 24.04
Memory Uses 		: 210/914
Disk utilization	: 83%
IP Address 		: 172.31.36.141
=======================================
=======================================
          SYSTEM INFORMATION           
=======================================
Hostname		: ip-172-31-36-141
Loggin User		: ubuntu
Uptime 			: 15:04:01
kenel version 		: 6.8.0-1029-aws
OS Version 		: 24.04
Memory Uses 		: 210/914
Disk utilization	: 83%
IP Address 		: 172.31.36.141
=======================================
=======================================
          SYSTEM INFORMATION           
=======================================
Hostname		: ip-172-31-36-141
Loggin User		: ubuntu
Uptime 			: 15:05:01
kenel version 		: 6.8.0-1029-aws
OS Version 		: 24.04
Memory Uses 		: 248/914
Disk utilization	: 83%
IP Address 		: 172.31.36.141
=======================================
=======================================
          SYSTEM INFORMATION           
=======================================
Hostname		: ip-172-31-36-141
Loggin User		: ubuntu
Uptime 			: 15:06:01
kenel version 		: 6.8.0-1029-aws
OS Version 		: 24.04
Memory Uses 		: 249/914
Disk utilization	: 83%
IP Address 		: 172.31.36.141
=======================================
=======================================
          SYSTEM INFORMATION           
=======================================
Hostname		: ip-172-31-36-141
Loggin User		: ubuntu
Uptime 			: 15:07:01
kenel version 		: 6.8.0-1029-aws
OS Version 		: 24.04
Memory Uses 		: 248/914
Disk utilization	: 83%
IP Address 		: 172.31.36.141
=======================================
=======================================
          SYSTEM INFORMATION           
=======================================
Hostname		: ip-172-31-36-141
Loggin User		: ubuntu
Uptime 			: 15:08:01
kenel version 		: 6.8.0-1029-aws
OS Version 		: 24.04
Memory Uses 		: 248/914
Disk utilization	: 83%
IP Address 		: 172.31.36.141
=======================================
=======================================
          SYSTEM INFORMATION           
=======================================
Hostname		: ip-172-31-36-141
Loggin User		: ubuntu
Uptime 			: 15:09:01
kenel version 		: 6.8.0-1029-aws
OS Version 		: 24.04
Memory Uses 		: 247/914
Disk utilization	: 83%
IP Address 		: 172.31.36.141
=======================================
=======================================
          SYSTEM INFORMATION           
=======================================
Hostname		: ip-172-31-36-141
Loggin User		: ubuntu
Uptime 			: 15:10:01
kenel version 		: 6.8.0-1029-aws
OS Version 		: 24.04
Memory Uses 		: 246/914
Disk utilization	: 83%
IP Address 		: 172.31.36.141
=======================================
=======================================
          SYSTEM INFORMATION           
=======================================
Hostname		: ip-172-31-36-141
Loggin User		: ubuntu
Uptime 			: 15:11:01
kenel version 		: 6.8.0-1029-aws
OS Version 		: 24.04
Memory Uses 		: 248/914
Disk utilization	: 83%
IP Address 		: 172.31.36.141
=======================================
=======================================
          SYSTEM INFORMATION           
=======================================
Hostname		: ip-172-31-36-141
Loggin User		: ubuntu
Uptime 			: 15:12:01
kenel version 		: 6.8.0-1029-aws
OS Version 		: 24.04
Memory Uses 		: 246/914
Disk utilization	: 83%
IP Address 		: 172.31.36.141
=======================================
=======================================
          SYSTEM INFORMATION           
=======================================
Hostname		: ip-172-31-36-141
Loggin User		: ubuntu
Uptime 			: 15:13:01
kenel version 		: 6.8.0-1029-aws
OS Version 		: 24.04
Memory Uses 		: 246/914
Disk utilization	: 83%
IP Address 		: 172.31.36.141
=======================================
=======================================
          SYSTEM INFORMATION           
=======================================
Hostname		: ip-172-31-36-141
Loggin User		: ubuntu
Uptime 			: 15:14:01
kenel version 		: 6.8.0-1029-aws
OS Version 		: 24.04
Memory Uses 		: 246/914
Disk utilization	: 83%
IP Address 		: 172.31.36.141
=======================================
=======================================
          SYSTEM INFORMATION           
=======================================
Hostname		: ip-172-31-36-141
Loggin User		: ubuntu
Uptime 			: 15:15:01
kenel version 		: 6.8.0-1029-aws
OS Version 		: 24.04
Memory Uses 		: 248/914
Disk utilization	: 83%
IP Address 		: 172.31.36.141
=======================================
=======================================
          SYSTEM INFORMATION           
=======================================
Hostname		: ip-172-31-36-141
Loggin User		: ubuntu
Uptime 			: 15:16:01
kenel version 		: 6.8.0-1029-aws
OS Version 		: 24.04
Memory Uses 		: 246/914
Disk utilization	: 83%
IP Address 		: 172.31.36.141
=======================================
=======================================
          SYSTEM INFORMATION           
=======================================
Hostname		: ip-172-31-36-141
Loggin User		: ubuntu
Uptime 			: 15:17:01
kenel version 		: 6.8.0-1029-aws
OS Version 		: 24.04
Memory Uses 		: 197/914
Disk utilization	: 83%
IP Address 		: 172.31.36.141
=======================================
=======================================
          SYSTEM INFORMATION           
=======================================
Hostname		: ip-172-31-36-141
Loggin User		: ubuntu
Uptime 			: 15:18:01
kenel version 		: 6.8.0-1029-aws
OS Version 		: 24.04
Memory Uses 		: 197/914
Disk utilization	: 83%
IP Address 		: 172.31.36.141
=======================================
=======================================
          SYSTEM INFORMATION           
=======================================
Hostname		: ip-172-31-36-141
Loggin User		: ubuntu
Uptime 			: 15:19:01
kenel version 		: 6.8.0-1029-aws
OS Version 		: 24.04
Memory Uses 		: 196/914
Disk utilization	: 83%
IP Address 		: 172.31.36.141
=======================================
=======================================
          SYSTEM INFORMATION           
=======================================
Hostname		: ip-172-31-36-141
Loggin User		: ubuntu
Uptime 			: 15:20:01
kenel version 		: 6.8.0-1029-aws
OS Version 		: 24.04
Memory Uses 		: 196/914
Disk utilization	: 83%
IP Address 		: 172.31.36.141
=======================================
=======================================
          SYSTEM INFORMATION           
=======================================
Hostname		: ip-172-31-36-141
Loggin User		: ubuntu
Uptime 			: 15:21:01
kenel version 		: 6.8.0-1029-aws
OS Version 		: 24.04
Memory Uses 		: 196/914
Disk utilization	: 83%
IP Address 		: 172.31.36.141
=======================================
=======================================
          SYSTEM INFORMATION           
=======================================
Hostname		: ip-172-31-36-141
Loggin User		: ubuntu
Uptime 			: 15:22:01
kenel version 		: 6.8.0-1029-aws
OS Version 		: 24.04
Memory Uses 		: 196/914
Disk utilization	: 83%
IP Address 		: 172.31.36.141
=======================================
=======================================
          SYSTEM INFORMATION           
=======================================
Hostname		: ip-172-31-36-141
Loggin User		: ubuntu
Uptime 			: 15:23:01
kenel version 		: 6.8.0-1029-aws
OS Version 		: 24.04
Memory Uses 		: 196/914
Disk utilization	: 83%
IP Address 		: 172.31.36.141
=======================================
=======================================
          SYSTEM INFORMATION           
=======================================
Hostname		: ip-172-31-36-141
Loggin User		: ubuntu
Uptime 			: 15:24:01
kenel version 		: 6.8.0-1029-aws
OS Version 		: 24.04
Memory Uses 		: 204/914
Disk utilization	: 83%
IP Address 		: 172.31.36.141
=======================================
=======================================
          SYSTEM INFORMATION           
=======================================
Hostname		: ip-172-31-36-141
Loggin User		: ubuntu
Uptime 			: 15:25:01
kenel version 		: 6.8.0-1029-aws
OS Version 		: 24.04
Memory Uses 		: 182/914
Disk utilization	: 83%
IP Address 		: 172.31.36.141
=======================================
=======================================
          SYSTEM INFORMATION           
=======================================
Hostname		: ip-172-31-36-141
Loggin User		: ubuntu
Uptime 			: 15:26:01
kenel version 		: 6.8.0-1029-aws
OS Version 		: 24.04
Memory Uses 		: 182/914
Disk utilization	: 83%
IP Address 		: 172.31.36.141
=======================================
=======================================
          SYSTEM INFORMATION           
=======================================
Hostname		: ip-172-31-36-141
Loggin User		: ubuntu
Uptime 			: 15:27:01
kenel version 		: 6.8.0-1029-aws
OS Version 		: 24.04
Memory Uses 		: 182/914
Disk utilization	: 83%
IP Address 		: 172.31.36.141
=======================================
=======================================
          SYSTEM INFORMATION           
=======================================
Hostname		: ip-172-31-36-141
Loggin User		: ubuntu
Uptime 			: 15:28:01
kenel version 		: 6.8.0-1029-aws
OS Version 		: 24.04
Memory Uses 		: 180/914
Disk utilization	: 83%
IP Address 		: 172.31.36.141
=======================================
=======================================
          SYSTEM INFORMATION           
=======================================
Hostname		: ip-172-31-36-141
Loggin User		: ubuntu
Uptime 			: 15:29:01
kenel version 		: 6.8.0-1029-aws
OS Version 		: 24.04
Memory Uses 		: 177/914
Disk utilization	: 83%
IP Address 		: 172.31.36.141
=======================================
=======================================
          SYSTEM INFORMATION           
=======================================
Hostname		: ip-172-31-36-141
Loggin User		: ubuntu
Uptime 			: 15:30:01
kenel version 		: 6.8.0-1029-aws
OS Version 		: 24.04
Memory Uses 		: 180/914
Disk utilization	: 83%
IP Address 		: 172.31.36.141
=======================================
=======================================
          SYSTEM INFORMATION           
=======================================
Hostname		: ip-172-31-36-141
Loggin User		: ubuntu
Uptime 			: 15:31:01
kenel version 		: 6.8.0-1029-aws
OS Version 		: 24.04
Memory Uses 		: 180/914
Disk utilization	: 83%
IP Address 		: 172.31.36.141
=======================================
=======================================
          SYSTEM INFORMATION           
=======================================
Hostname		: ip-172-31-36-141
Loggin User		: ubuntu
Uptime 			: 15:32:01
kenel version 		: 6.8.0-1029-aws
OS Version 		: 24.04
Memory Uses 		: 180/914
Disk utilization	: 83%
IP Address 		: 172.31.36.141
=======================================
=======================================
          SYSTEM INFORMATION           
=======================================
Hostname		: ip-172-31-36-141
Loggin User		: ubuntu
Uptime 			: 15:33:01
kenel version 		: 6.8.0-1029-aws
OS Version 		: 24.04
Memory Uses 		: 181/914
Disk utilization	: 83%
IP Address 		: 172.31.36.141
=======================================
=======================================
          SYSTEM INFORMATION           
=======================================
Hostname		: ip-172-31-36-141
Loggin User		: ubuntu
Uptime 			: 15:34:01
kenel version 		: 6.8.0-1029-aws
OS Version 		: 24.04
Memory Uses 		: 181/914
Disk utilization	: 83%
IP Address 		: 172.31.36.141
=======================================
=======================================
          SYSTEM INFORMATION           
=======================================
Hostname		: ip-172-31-36-141
Loggin User		: ubuntu
Uptime 			: 15:35:01
kenel version 		: 6.8.0-1029-aws
OS Version 		: 24.04
Memory Uses 		: 181/914
Disk utilization	: 83%
IP Address 		: 172.31.36.141
=======================================
=======================================
          SYSTEM INFORMATION           
=======================================
Hostname		: ip-172-31-36-141
Loggin User		: ubuntu
Uptime 			: 15:36:01
kenel version 		: 6.8.0-1029-aws
OS Version 		: 24.04
Memory Uses 		: 181/914
Disk utilization	: 83%
IP Address 		: 172.31.36.141
=======================================
=======================================
          SYSTEM INFORMATION           
=======================================
Hostname		: ip-172-31-36-141
Loggin User		: ubuntu
Uptime 			: 15:37:01
kenel version 		: 6.8.0-1029-aws
OS Version 		: 24.04
Memory Uses 		: 189/914
Disk utilization	: 83%
IP Address 		: 172.31.36.141
=======================================
=======================================
          SYSTEM INFORMATION           
=======================================
Hostname		: ip-172-31-36-141
Loggin User		: ubuntu
Uptime 			: 15:38:01
kenel version 		: 6.8.0-1029-aws
OS Version 		: 24.04
Memory Uses 		: 180/914
Disk utilization	: 83%
IP Address 		: 172.31.36.141
=======================================
=======================================
          SYSTEM INFORMATION           
=======================================
Hostname		: ip-172-31-36-141
Loggin User		: ubuntu
Uptime 			: 15:39:01
kenel version 		: 6.8.0-1029-aws
OS Version 		: 24.04
Memory Uses 		: 181/914
Disk utilization	: 83%
IP Address 		: 172.31.36.141
=======================================
=======================================
          SYSTEM INFORMATION           
=======================================
Hostname		: ip-172-31-36-141
Loggin User		: ubuntu
Uptime 			: 15:40:01
kenel version 		: 6.8.0-1029-aws
OS Version 		: 24.04
Memory Uses 		: 182/914
Disk utilization	: 83%
IP Address 		: 172.31.36.141
=======================================
=======================================
          SYSTEM INFORMATION           
=======================================
Hostname		: ip-172-31-36-141
Loggin User		: ubuntu
Uptime 			: 15:41:01
kenel version 		: 6.8.0-1029-aws
OS Version 		: 24.04
Memory Uses 		: 189/914
Disk utilization	: 83%
IP Address 		: 172.31.36.141
=======================================
=======================================
          SYSTEM INFORMATION           
=======================================
Hostname		: ip-172-31-36-141
Loggin User		: ubuntu
Uptime 			: 15:42:01
kenel version 		: 6.8.0-1029-aws
OS Version 		: 24.04
Memory Uses 		: 196/914
Disk utilization	: 83%
IP Address 		: 172.31.36.141
=======================================
=======================================
          SYSTEM INFORMATION           
=======================================
Hostname		: ip-172-31-36-141
Loggin User		: ubuntu
Uptime 			: 15:43:01
kenel version 		: 6.8.0-1029-aws
OS Version 		: 24.04
Memory Uses 		: 182/914
Disk utilization	: 83%
IP Address 		: 172.31.36.141
=======================================
=======================================
          SYSTEM INFORMATION           
=======================================
Hostname		: ip-172-31-36-141
Loggin User		: ubuntu
Uptime 			: 15:44:01
kenel version 		: 6.8.0-1029-aws
OS Version 		: 24.04
Memory Uses 		: 182/914
Disk utilization	: 83%
IP Address 		: 172.31.36.141
=======================================
